<?xml version="1.0" encoding="UTF-8"?>
<testsuite xmlns:xsi="http://www.w3.org/2001/XMLSchema-instance" xsi:noNamespaceSchemaLocation="https://maven.apache.org/surefire/maven-surefire-plugin/xsd/surefire-test-report.xsd" name="AVLTree_ESTest" time="0.727" tests="20" errors="0" skipped="0" failures="0">
  <properties>
    <property name="sun.desktop" value="windows"/>
    <property name="awt.toolkit" value="sun.awt.windows.WToolkit"/>
    <property name="file.encoding.pkg" value="sun.io"/>
    <property name="java.specification.version" value="1.8"/>
    <property name="sun.cpu.isalist" value="amd64"/>
    <property name="sun.jnu.encoding" value="Cp1252"/>
    <property name="java.class.path" value="C:\Users\gspav\eclipse-workspace\EvoSuite_Final\target\test-classes;C:\Users\gspav\eclipse-workspace\EvoSuite_Final\target\classes;C:\Users\gspav\.m2\repository\junit\junit\4.12\junit-4.12.jar;C:\Users\gspav\.m2\repository\org\hamcrest\hamcrest-core\1.3\hamcrest-core-1.3.jar;C:\Users\gspav\.m2\repository\org\evosuite\evosuite-standalone-runtime\1.0.6\evosuite-standalone-runtime-1.0.6.jar;C:\Users\gspav\.m2\repository\org\jacoco\org.jacoco.agent\0.8.7\org.jacoco.agent-0.8.7.jar;"/>
    <property name="java.vm.vendor" value="Oracle Corporation"/>
    <property name="sun.arch.data.model" value="64"/>
    <property name="user.variant" value=""/>
    <property name="java.vendor.url" value="http://java.oracle.com/"/>
    <property name="user.timezone" value="America/Chicago"/>
    <property name="java.vm.specification.version" value="1.8"/>
    <property name="os.name" value="Windows 10"/>
    <property name="user.country" value="US"/>
    <property name="sun.java.launcher" value="SUN_STANDARD"/>
    <property name="sun.boot.library.path" value="C:\Program Files\Java\jdk1.8.0_311\jre\bin"/>
    <property name="sun.java.command" value="C:\Users\gspav\AppData\Local\Temp\surefire1686495239716655083\surefirebooter7134285591729380644.jar C:\Users\gspav\AppData\Local\Temp\surefire1686495239716655083 2022-04-16T23-26-48_101-jvmRun1 surefire1679370088906322571tmp surefire_07436813701712907023tmp"/>
    <property name="surefire.test.class.path" value="C:\Users\gspav\eclipse-workspace\EvoSuite_Final\target\test-classes;C:\Users\gspav\eclipse-workspace\EvoSuite_Final\target\classes;C:\Users\gspav\.m2\repository\junit\junit\4.12\junit-4.12.jar;C:\Users\gspav\.m2\repository\org\hamcrest\hamcrest-core\1.3\hamcrest-core-1.3.jar;C:\Users\gspav\.m2\repository\org\evosuite\evosuite-standalone-runtime\1.0.6\evosuite-standalone-runtime-1.0.6.jar;C:\Users\gspav\.m2\repository\org\jacoco\org.jacoco.agent\0.8.7\org.jacoco.agent-0.8.7.jar;"/>
    <property name="sun.cpu.endian" value="little"/>
    <property name="user.home" value="C:\Users\gspav"/>
    <property name="user.language" value="en"/>
    <property name="java.specification.vendor" value="Oracle Corporation"/>
    <property name="java.home" value="C:\Program Files\Java\jdk1.8.0_311\jre"/>
    <property name="basedir" value="C:\Users\gspav\eclipse-workspace\EvoSuite_Final"/>
    <property name="file.separator" value="\"/>
    <property name="line.separator" value="&#10;"/>
    <property name="java.vm.specification.vendor" value="Oracle Corporation"/>
    <property name="java.specification.name" value="Java Platform API Specification"/>
    <property name="java.awt.graphicsenv" value="sun.awt.Win32GraphicsEnvironment"/>
    <property name="surefire.real.class.path" value="C:\Users\gspav\AppData\Local\Temp\surefire1686495239716655083\surefirebooter7134285591729380644.jar;C:\\Users\\gspav\\.m2\\repository\\org\\jacoco\\org.jacoco.agent\\0.8.6\\org.jacoco.agent-0.8.6-runtime.jar"/>
    <property name="sun.boot.class.path" value="C:\Program Files\Java\jdk1.8.0_311\jre\lib\resources.jar;C:\Program Files\Java\jdk1.8.0_311\jre\lib\rt.jar;C:\Program Files\Java\jdk1.8.0_311\jre\lib\sunrsasign.jar;C:\Program Files\Java\jdk1.8.0_311\jre\lib\jsse.jar;C:\Program Files\Java\jdk1.8.0_311\jre\lib\jce.jar;C:\Program Files\Java\jdk1.8.0_311\jre\lib\charsets.jar;C:\Program Files\Java\jdk1.8.0_311\jre\lib\jfr.jar;C:\Program Files\Java\jdk1.8.0_311\jre\classes"/>
    <property name="user.script" value=""/>
    <property name="sun.management.compiler" value="HotSpot 64-Bit Tiered Compilers"/>
    <property name="java.runtime.version" value="1.8.0_311-b11"/>
    <property name="user.name" value="gspav"/>
    <property name="path.separator" value=";"/>
    <property name="os.version" value="10.0"/>
    <property name="java.endorsed.dirs" value="C:\Program Files\Java\jdk1.8.0_311\jre\lib\endorsed"/>
    <property name="java.runtime.name" value="Java(TM) SE Runtime Environment"/>
    <property name="file.encoding" value="Cp1252"/>
    <property name="java.vm.name" value="Java HotSpot(TM) 64-Bit Server VM"/>
    <property name="localRepository" value="C:\Users\gspav\.m2\repository"/>
    <property name="java.vendor.url.bug" value="http://bugreport.sun.com/bugreport/"/>
    <property name="java.io.tmpdir" value="C:\Users\gspav\AppData\Local\Temp\"/>
    <property name="java.version" value="1.8.0_311"/>
    <property name="user.dir" value="C:\Users\gspav\eclipse-workspace\EvoSuite_Final"/>
    <property name="os.arch" value="amd64"/>
    <property name="java.vm.specification.name" value="Java Virtual Machine Specification"/>
    <property name="java.awt.printerjob" value="sun.awt.windows.WPrinterJob"/>
    <property name="sun.os.patch.level" value=""/>
    <property name="java.library.path" value="C:\Program Files\Java\jdk1.8.0_311\jre\bin;C:\WINDOWS\Sun\Java\bin;C:\WINDOWS\system32;C:\WINDOWS;C:/Users/gspav/.p2/pool/plugins/org.eclipse.justj.openjdk.hotspot.jre.full.win32.x86_64_17.0.2.v20220201-1208/jre/bin/server;C:/Users/gspav/.p2/pool/plugins/org.eclipse.justj.openjdk.hotspot.jre.full.win32.x86_64_17.0.2.v20220201-1208/jre/bin;C:/Users/gspav/AppData/Local/Temp/eoi9283.tmp//plugins/org.eclipse.justj.openjdk.hotspot.jre.minimal.stripped.win32.x86_64_17.0.2.v20220201-1208/jre/bin/server;C:/Users/gspav/AppData/Local/Temp/eoi9283.tmp//plugins/org.eclipse.justj.openjdk.hotspot.jre.minimal.stripped.win32.x86_64_17.0.2.v20220201-1208/jre/bin;C:\Program Files\Google\Chrome\Application;C:\Program Files (x86)\Common Files\Oracle\Java\javapath;C:\Program Files\Java\jdk1.8.0_311\bin;&quot;C:\Program Files\Common Files\Oracle\Java\javapath;C:\Program Files\Java\jdk1.8.0_311\bin&quot;;C:\WINDOWS\system32;C:\WINDOWS;C:\WINDOWS\System32\Wbem;C:\WINDOWS\System32\WindowsPowerShell\v1.0\;C:\WINDOWS\System32\OpenSSH\;C:\Program Files\PuTTY\;C:\Windows\System32\cmd.exe;C:\Program Files\Graphviz\bin;C:\Program Files\dotnet\;C:\Users\gspav\OneDrive\Desktop\pat_maven\apache-maven-3.8.5\bin;C:\Program Files\Git\cmd;C:\Program Files\Java\jdk1.8.0_311\bin;C:\Users\gspav\anaconda3\pav;C:\Users\gspav\anaconda3\pav\Library\mingw-w64\bin;C:\Users\gspav\anaconda3\pav\Library\usr\bin;C:\Users\gspav\anaconda3\pav\Library\bin;C:\Users\gspav\anaconda3\pav\Scripts;C:\Users\gspav\AppData\Local\Programs\Python\Python39\Scripts\;C:\Users\gspav\AppData\Local\Programs\Python\Python39\;C:\Users\gspav\AppData\Local\Microsoft\WindowsApps;C:\Microsoft VS Code\bin;C:\Program Files\LLVM\bin;C:\Users\gspav\AppData\Roaming\TinyTeX\bin\win32;;C:\Users\gspav\Downloads;;C:\Users\gspav\Downloads;;."/>
    <property name="java.vm.info" value="mixed mode"/>
    <property name="java.vendor" value="Oracle Corporation"/>
    <property name="java.vm.version" value="25.311-b11"/>
    <property name="java.ext.dirs" value="C:\Program Files\Java\jdk1.8.0_311\jre\lib\ext;C:\WINDOWS\Sun\Java\lib\ext"/>
    <property name="sun.io.unicode.encoding" value="UnicodeLittle"/>
    <property name="java.class.version" value="52.0"/>
  </properties>
  <testcase name="test01" classname="AVLTree_ESTest" time="0.01"/>
  <testcase name="test12" classname="AVLTree_ESTest" time="0.002"/>
  <testcase name="test00" classname="AVLTree_ESTest" time="0.001"/>
  <testcase name="test11" classname="AVLTree_ESTest" time="0.002"/>
  <testcase name="test10" classname="AVLTree_ESTest" time="0.001"/>
  <testcase name="test05" classname="AVLTree_ESTest" time="0.006"/>
  <testcase name="test16" classname="AVLTree_ESTest" time="0.002"/>
  <testcase name="test04" classname="AVLTree_ESTest" time="0.001"/>
  <testcase name="test15" classname="AVLTree_ESTest" time="0.001"/>
  <testcase name="test03" classname="AVLTree_ESTest" time="0.002"/>
  <testcase name="test14" classname="AVLTree_ESTest" time="0"/>
  <testcase name="test02" classname="AVLTree_ESTest" time="0.002"/>
  <testcase name="test13" classname="AVLTree_ESTest" time="0.003"/>
  <testcase name="test09" classname="AVLTree_ESTest" time="0.001"/>
  <testcase name="test08" classname="AVLTree_ESTest" time="0.001"/>
  <testcase name="test19" classname="AVLTree_ESTest" time="0.002"/>
  <testcase name="test07" classname="AVLTree_ESTest" time="0.001"/>
  <testcase name="test18" classname="AVLTree_ESTest" time="0.001"/>
  <testcase name="test06" classname="AVLTree_ESTest" time="0.001"/>
  <testcase name="test17" classname="AVLTree_ESTest" time="0.001"/>
</testsuite>